Arguments: 
  /usr/local/bin/node /Users/albertmends/.yarn/bin/yarn.js add -D husky

PATH: 
  /Users/albertmends/.yarn/bin:/Users/albertmends/.config/yarn/global/node_modules/.bin:/opt/homebrew/bin:/opt/homebrew/sbin:/usr/local/bin:/usr/bin:/bin:/usr/sbin:/sbin:/Users/albertmends/.yarn/bin:/Users/albertmends/.config/yarn/global/node_modules/.bin:/opt/homebrew/bin:/opt/homebrew/sbin

Yarn version: 
  1.22.19

Node version: 
  16.15.1

Platform: 
  darwin arm64

Trace: 
  Error: ENOENT: no such file or directory, lstat '/Users/albertmends/Documents/web apps/myDonate2/node_modules/husky'

npm manifest: 
  {
    "private": true,
    "scripts": {
      "dev": "next",
      "build": "next build",
      "start": "next start",
      "type-check": "tsc",
       "prepare": "husky install"
    },
    "dependencies": {
      "@chainlink/contracts": "^0.4.0",
      "@headlessui/react": "^1.5.0",
      "@heroicons/react": "^1.0.6",
      "@material-tailwind/react": "^0.3.4",
      "@nomiclabs/hardhat-ethers": "^2.0.5",
      "@nomiclabs/hardhat-waffle": "^2.0.3",
      "@openzeppelin/contracts": "^4.5.0",
      "@ramonak/react-progress-bar": "^4.4.0",
      "@react-google-maps/api": "^2.8.1",
      "@walletconnect/web3-provider": "^1.7.8",
      "autoprefixer": "^10.4.4",
      "axios": "^0.26.1",
      "chai": "^4.3.6",
      "chart.js": "^3.7.1",
      "date-and-time": "^2.3.1",
      "ethereum-waffle": "^3.4.4",
      "ethers": "^5.6.4",
      "form-data": "^4.0.0",
      "framer-motion": "^6.3.3",
      "hardhat": "^2.9.3",
      "install": "^0.13.0",
      "ipfs-http-client": "^56.0.2",
      "next": "latest",
      "postcss": "^8.4.12",
      "react": "^17.0.2",
      "react-dom": "^17.0.2",
      "react-transition-group": "^4.4.2",
      "walletlink": "^2.5.0",
      "web3": "^1.7.3",
      "web3modal": "^1.9.7",
      "web3uikit": "^0.1.154"
    },
    "devDependencies": {
      "@types/node": "^12.12.21",
      "@types/react": "^17.0.2",
      "@types/react-dom": "^17.0.1",
      "postcss-preset-env": "^7.4.3",
      "tailwindcss": "^3.0.24",
      "typescript": "4.0"
    }
  }

yarn manifest: 
  No manifest

Lockfile: 
  No lockfile
